<?xml version="1.0" encoding="UTF-8"?>
<testsuite xmlns:xsi="http://www.w3.org/2001/XMLSchema-instance" xsi:noNamespaceSchemaLocation="https://maven.apache.org/surefire/maven-surefire-plugin/xsd/surefire-test-report.xsd" name="samuel.mortha.SwitchIntDemoTest" time="0.097" tests="3" errors="0" skipped="0" failures="0">
  <properties>
    <property name="java.specification.version" value="17"/>
    <property name="sun.jnu.encoding" value="UTF-8"/>
    <property name="java.class.path" value="/home/ec2-user/environment/work/java/java-versions/java-versions/target/test-classes:/home/ec2-user/environment/work/java/java-versions/java-versions/target/classes:/home/ec2-user/environment/work/software/apache-maven-3.9.4/repo/junit/junit/4.11/junit-4.11.jar:/home/ec2-user/environment/work/software/apache-maven-3.9.4/repo/org/hamcrest/hamcrest-core/1.3/hamcrest-core-1.3.jar:"/>
    <property name="java.vm.vendor" value="Amazon.com Inc."/>
    <property name="sun.arch.data.model" value="64"/>
    <property name="java.vendor.url" value="https://aws.amazon.com/corretto/"/>
    <property name="os.name" value="Linux"/>
    <property name="java.vm.specification.version" value="17"/>
    <property name="sun.java.launcher" value="SUN_STANDARD"/>
    <property name="user.country" value="US"/>
    <property name="sun.boot.library.path" value="/usr/lib/jvm/java-17-amazon-corretto.x86_64/lib"/>
    <property name="sun.java.command" value="/home/ec2-user/environment/work/java/java-versions/java-versions/target/surefire/surefirebooter4269303028965250647.jar /home/ec2-user/environment/work/java/java-versions/java-versions/target/surefire 2023-11-21T20-07-01_904-jvmRun1 surefire5034614269553534156tmp surefire_05596297482791272357tmp"/>
    <property name="jdk.debug" value="release"/>
    <property name="surefire.test.class.path" value="/home/ec2-user/environment/work/java/java-versions/java-versions/target/test-classes:/home/ec2-user/environment/work/java/java-versions/java-versions/target/classes:/home/ec2-user/environment/work/software/apache-maven-3.9.4/repo/junit/junit/4.11/junit-4.11.jar:/home/ec2-user/environment/work/software/apache-maven-3.9.4/repo/org/hamcrest/hamcrest-core/1.3/hamcrest-core-1.3.jar:"/>
    <property name="sun.cpu.endian" value="little"/>
    <property name="user.home" value="/home/ec2-user"/>
    <property name="user.language" value="en"/>
    <property name="java.specification.vendor" value="Oracle Corporation"/>
    <property name="java.version.date" value="2023-10-17"/>
    <property name="java.home" value="/usr/lib/jvm/java-17-amazon-corretto.x86_64"/>
    <property name="file.separator" value="/"/>
    <property name="basedir" value="/home/ec2-user/environment/work/java/java-versions/java-versions"/>
    <property name="java.vm.compressedOopsMode" value="32-bit"/>
    <property name="line.separator" value="&#10;"/>
    <property name="java.vm.specification.vendor" value="Oracle Corporation"/>
    <property name="java.specification.name" value="Java Platform API Specification"/>
    <property name="surefire.real.class.path" value="/home/ec2-user/environment/work/java/java-versions/java-versions/target/surefire/surefirebooter4269303028965250647.jar"/>
    <property name="sun.management.compiler" value="HotSpot 64-Bit Tiered Compilers"/>
    <property name="java.runtime.version" value="17.0.9+8-LTS"/>
    <property name="user.name" value="ec2-user"/>
    <property name="path.separator" value=":"/>
    <property name="os.version" value="4.14.328-248.540.amzn2.x86_64"/>
    <property name="java.runtime.name" value="OpenJDK Runtime Environment"/>
    <property name="file.encoding" value="UTF-8"/>
    <property name="java.vm.name" value="OpenJDK 64-Bit Server VM"/>
    <property name="java.vendor.version" value="Corretto-17.0.9.8.1"/>
    <property name="localRepository" value="/home/ec2-user/environment/work/software/apache-maven-3.9.4/repo"/>
    <property name="java.vendor.url.bug" value="https://github.com/corretto/corretto-17/issues/"/>
    <property name="java.io.tmpdir" value="/tmp"/>
    <property name="java.version" value="17.0.9"/>
    <property name="user.dir" value="/home/ec2-user/environment/work/java/java-versions/java-versions"/>
    <property name="os.arch" value="amd64"/>
    <property name="java.vm.specification.name" value="Java Virtual Machine Specification"/>
    <property name="native.encoding" value="UTF-8"/>
    <property name="java.library.path" value="/usr/java/packages/lib:/usr/lib64:/lib64:/lib:/usr/lib"/>
    <property name="java.vm.info" value="mixed mode, sharing"/>
    <property name="java.vendor" value="Amazon.com Inc."/>
    <property name="java.vm.version" value="17.0.9+8-LTS"/>
    <property name="sun.io.unicode.encoding" value="UnicodeLittle"/>
    <property name="java.class.version" value="61.0"/>
  </properties>
  <testcase name="switchTestWithInt1" classname="samuel.mortha.SwitchIntDemoTest" time="0.01"/>
  <testcase name="switchTestWithInt2" classname="samuel.mortha.SwitchIntDemoTest" time="0.007"/>
  <testcase name="switchTestWithInt3" classname="samuel.mortha.SwitchIntDemoTest" time="0.002"/>
</testsuite>